<?xml version="1.0" encoding="UTF-8"?>
<testsuite name="The user registers bronze, silver and gold on the magnet page }" tests="1" skipped="0" failures="1" errors="0" timestamp="2023-12-12T13:25:35" hostname="PSY-E154" time="17.015">
  <properties/>
  <testcase name="Make gold Record" classname="The user registers bronze, silver and gold on the magnet page }" time="17.015">
    <failure message="net.thucydides.core.webdriver.exceptions.ElementShouldBeEnabledException: Expected enabled element was not enabled" type="net.thucydides.core.webdriver.exceptions.ElementShouldBeEnabledException">net.thucydides.core.webdriver.exceptions.ElementShouldBeEnabledException: Expected enabled element was not enabled
	at app//net.serenitybdd.core.pages.WebElementFacadeImpl.waitUntilEnabled(WebElementFacadeImpl.java:1149)
	at app//net.serenitybdd.core.pages.WebElementFacadeImpl.waitUntilElementAvailable(WebElementFacadeImpl.java:954)
	at app//net.serenitybdd.core.pages.WebElementFacadeImpl.click(WebElementFacadeImpl.java:1229)
	at app//net.serenitybdd.screenplay.actions.ClickOnTarget.performAs(ClickOnTarget.java:13)
	at app//net.serenitybdd.screenplay.actions.ClickOnTarget$ByteBuddy$sEX1hw2p.performAs$accessor$dF1vpO0x(Unknown Source)
	at java.base@9.0.4/jdk.internal.reflect.NativeMethodAccessorImpl.invoke0(Native Method)
	at java.base@9.0.4/jdk.internal.reflect.NativeMethodAccessorImpl.invoke(NativeMethodAccessorImpl.java:62)
	at java.base@9.0.4/jdk.internal.reflect.DelegatingMethodAccessorImpl.invoke(DelegatingMethodAccessorImpl.java:43)
	at java.base@9.0.4/java.lang.reflect.Method.invoke(Method.java:564)
	at app//net.thucydides.core.steps.StepInterceptor.invokeMethod(StepInterceptor.java:466)
	at app//net.thucydides.core.steps.StepInterceptor.executeTestStepMethod(StepInterceptor.java:450)
	at app//net.thucydides.core.steps.StepInterceptor.runTestStep(StepInterceptor.java:425)
	at app//net.thucydides.core.steps.StepInterceptor.runOrSkipMethod(StepInterceptor.java:180)
	at app//net.thucydides.core.steps.StepInterceptor.testStepResult(StepInterceptor.java:167)
	at app//net.thucydides.core.steps.StepInterceptor.intercept(StepInterceptor.java:74)
	at app//net.serenitybdd.screenplay.actions.ClickOnTarget$ByteBuddy$sEX1hw2p.performAs(Unknown Source)
	at app//net.serenitybdd.screenplay.Actor.performTask(Actor.java:233)
	at app//net.serenitybdd.screenplay.Actor.perform(Actor.java:214)
	at app//net.serenitybdd.screenplay.Actor.attemptsTo(Actor.java:171)
	at app//com.magnetocandidato.tasks.RegisterUserGold.performAs(RegisterUserGold.java:36)
	at app//com.magnetocandidato.tasks.RegisterUserGold$ByteBuddy$9q8bABDm.performAs$accessor$FAIXpgS2(Unknown Source)
	at java.base@9.0.4/jdk.internal.reflect.NativeMethodAccessorImpl.invoke0(Native Method)
	at java.base@9.0.4/jdk.internal.reflect.NativeMethodAccessorImpl.invoke(NativeMethodAccessorImpl.java:62)
	at java.base@9.0.4/jdk.internal.reflect.DelegatingMethodAccessorImpl.invoke(DelegatingMethodAccessorImpl.java:43)
	at java.base@9.0.4/java.lang.reflect.Method.invoke(Method.java:564)
	at app//net.thucydides.core.steps.StepInterceptor.invokeMethod(StepInterceptor.java:466)
	at app//net.thucydides.core.steps.StepInterceptor.executeTestStepMethod(StepInterceptor.java:450)
	at app//net.thucydides.core.steps.StepInterceptor.runTestStep(StepInterceptor.java:425)
	at app//net.thucydides.core.steps.StepInterceptor.runOrSkipMethod(StepInterceptor.java:180)
	at app//net.thucydides.core.steps.StepInterceptor.testStepResult(StepInterceptor.java:167)
	at app//net.thucydides.core.steps.StepInterceptor.intercept(StepInterceptor.java:74)
	at app//com.magnetocandidato.tasks.RegisterUserGold$ByteBuddy$9q8bABDm.performAs(Unknown Source)
	at app//net.serenitybdd.screenplay.Actor.performTask(Actor.java:233)
	at app//net.serenitybdd.screenplay.Actor.perform(Actor.java:214)
	at app//net.serenitybdd.screenplay.Actor.attemptsTo(Actor.java:171)
	at app//com.magnetocandidato.stepdefinitions.RegisterUserSteDefinition.theUserRegistersGold(RegisterUserSteDefinition.java:45)
	at ✽.the user registers gold(src/test/resources/features/register_user.feature:19)
Caused by: org.openqa.selenium.TimeoutException: Expected condition failed: waiting for By.xpath: (//button[@class='ant-btn ant-btn-lg widget-signup__action--next']) to be enabled (tried for 5 second(s) with 100 milliseconds interval)
Build info: version: '3.141.59', revision: 'e82be7d358', time: '2018-11-14T08:17:03'
System info: host: 'PSY-E154', ip: '192.168.1.146', os.name: 'Windows 10', os.arch: 'amd64', os.version: '10.0', java.version: '9.0.4'
Driver info: driver.version: unknown
	at app//org.openqa.selenium.support.ui.FluentWait.timeoutException(FluentWait.java:304)
	at app//org.openqa.selenium.support.ui.FluentWait.until(FluentWait.java:272)
	at app//net.serenitybdd.core.pages.WebElementFacadeImpl.waitUntilEnabled(WebElementFacadeImpl.java:1146)
	at app//net.serenitybdd.core.pages.WebElementFacadeImpl.waitUntilElementAvailable(WebElementFacadeImpl.java:954)
	at app//net.serenitybdd.core.pages.WebElementFacadeImpl.click(WebElementFacadeImpl.java:1229)
	at app//net.serenitybdd.screenplay.actions.ClickOnTarget.performAs(ClickOnTarget.java:13)
	at app//net.serenitybdd.screenplay.actions.ClickOnTarget$ByteBuddy$sEX1hw2p.performAs$accessor$dF1vpO0x(Unknown Source)
	at java.base@9.0.4/jdk.internal.reflect.NativeMethodAccessorImpl.invoke0(Native Method)
	at java.base@9.0.4/jdk.internal.reflect.NativeMethodAccessorImpl.invoke(NativeMethodAccessorImpl.java:62)
	at java.base@9.0.4/jdk.internal.reflect.DelegatingMethodAccessorImpl.invoke(DelegatingMethodAccessorImpl.java:43)
	at java.base@9.0.4/java.lang.reflect.Method.invoke(Method.java:564)
	at app//net.thucydides.core.steps.StepInterceptor.invokeMethod(StepInterceptor.java:466)
	at app//net.thucydides.core.steps.StepInterceptor.executeTestStepMethod(StepInterceptor.java:450)
	at app//net.thucydides.core.steps.StepInterceptor.runTestStep(StepInterceptor.java:425)
	at app//net.thucydides.core.steps.StepInterceptor.runOrSkipMethod(StepInterceptor.java:180)
	at app//net.thucydides.core.steps.StepInterceptor.testStepResult(StepInterceptor.java:167)
	at app//net.thucydides.core.steps.StepInterceptor.intercept(StepInterceptor.java:74)
	at app//net.serenitybdd.screenplay.actions.ClickOnTarget$ByteBuddy$sEX1hw2p.performAs(Unknown Source)
	at app//net.serenitybdd.screenplay.Actor.performTask(Actor.java:233)
	at app//net.serenitybdd.screenplay.Actor.perform(Actor.java:214)
	at app//net.serenitybdd.screenplay.Actor.attemptsTo(Actor.java:171)
	at app//com.magnetocandidato.tasks.RegisterUserGold.performAs(RegisterUserGold.java:36)
	at app//com.magnetocandidato.tasks.RegisterUserGold$ByteBuddy$9q8bABDm.performAs$accessor$FAIXpgS2(Unknown Source)
	at java.base@9.0.4/jdk.internal.reflect.NativeMethodAccessorImpl.invoke0(Native Method)
	at java.base@9.0.4/jdk.internal.reflect.NativeMethodAccessorImpl.invoke(NativeMethodAccessorImpl.java:62)
	at java.base@9.0.4/jdk.internal.reflect.DelegatingMethodAccessorImpl.invoke(DelegatingMethodAccessorImpl.java:43)
	at java.base@9.0.4/java.lang.reflect.Method.invoke(Method.java:564)
	at app//net.thucydides.core.steps.StepInterceptor.invokeMethod(StepInterceptor.java:466)
	at app//net.thucydides.core.steps.StepInterceptor.executeTestStepMethod(StepInterceptor.java:450)
	at app//net.thucydides.core.steps.StepInterceptor.runTestStep(StepInterceptor.java:425)
	at app//net.thucydides.core.steps.StepInterceptor.runOrSkipMethod(StepInterceptor.java:180)
	at app//net.thucydides.core.steps.StepInterceptor.testStepResult(StepInterceptor.java:167)
	at app//net.thucydides.core.steps.StepInterceptor.intercept(StepInterceptor.java:74)
	at app//com.magnetocandidato.tasks.RegisterUserGold$ByteBuddy$9q8bABDm.performAs(Unknown Source)
	at app//net.serenitybdd.screenplay.Actor.performTask(Actor.java:233)
	at app//net.serenitybdd.screenplay.Actor.perform(Actor.java:214)
	at app//net.serenitybdd.screenplay.Actor.attemptsTo(Actor.java:171)
	at app//com.magnetocandidato.stepdefinitions.RegisterUserSteDefinition.theUserRegistersGold(RegisterUserSteDefinition.java:45)
	at java.base@9.0.4/jdk.internal.reflect.NativeMethodAccessorImpl.invoke0(Native Method)
	at java.base@9.0.4/jdk.internal.reflect.NativeMethodAccessorImpl.invoke(NativeMethodAccessorImpl.java:62)
	at java.base@9.0.4/jdk.internal.reflect.DelegatingMethodAccessorImpl.invoke(DelegatingMethodAccessorImpl.java:43)
	at java.base@9.0.4/java.lang.reflect.Method.invoke(Method.java:564)
	at app//cucumber.runtime.Utils$1.call(Utils.java:31)
	at app//cucumber.runtime.Timeout.timeout(Timeout.java:16)
	at app//cucumber.runtime.Utils.invoke(Utils.java:25)
	at app//cucumber.runtime.java.JavaStepDefinition.execute(JavaStepDefinition.java:37)
	at app//cucumber.runtime.StepDefinitionMatch.runStep(StepDefinitionMatch.java:40)
	at app//cucumber.api.TestStep.executeStep(TestStep.java:102)
	at app//cucumber.api.TestStep.run(TestStep.java:83)
	at app//cucumber.api.TestCase.run(TestCase.java:58)
	at app//cucumber.runner.Runner.runPickle(Runner.java:80)
	at app//cucumber.runtime.junit.PickleRunners$NoStepDescriptions.run(PickleRunners.java:140)
	at app//cucumber.runtime.junit.FeatureRunner.runChild(FeatureRunner.java:68)
	at app//cucumber.runtime.junit.FeatureRunner.runChild(FeatureRunner.java:23)
	at app//org.junit.runners.ParentRunner$4.run(ParentRunner.java:331)
	at app//org.junit.runners.ParentRunner$1.schedule(ParentRunner.java:79)
	at app//org.junit.runners.ParentRunner.runChildren(ParentRunner.java:329)
	at app//org.junit.runners.ParentRunner.access$100(ParentRunner.java:66)
	at app//org.junit.runners.ParentRunner$2.evaluate(ParentRunner.java:293)
	at app//org.junit.runners.ParentRunner$3.evaluate(ParentRunner.java:306)
	at app//org.junit.runners.ParentRunner.run(ParentRunner.java:413)
	at app//cucumber.runtime.junit.FeatureRunner.run(FeatureRunner.java:73)
	at app//cucumber.api.junit.Cucumber.runChild(Cucumber.java:118)
	at app//cucumber.api.junit.Cucumber.runChild(Cucumber.java:56)
	at app//org.junit.runners.ParentRunner$4.run(ParentRunner.java:331)
	at app//org.junit.runners.ParentRunner$1.schedule(ParentRunner.java:79)
	at app//org.junit.runners.ParentRunner.runChildren(ParentRunner.java:329)
	at app//org.junit.runners.ParentRunner.access$100(ParentRunner.java:66)
	at app//org.junit.runners.ParentRunner$2.evaluate(ParentRunner.java:293)
	at app//cucumber.api.junit.Cucumber$1.evaluate(Cucumber.java:127)
	at app//org.junit.runners.ParentRunner$3.evaluate(ParentRunner.java:306)
	at app//org.junit.runners.ParentRunner.run(ParentRunner.java:413)
	at org.gradle.api.internal.tasks.testing.junit.JUnitTestClassExecutor.runTestClass(JUnitTestClassExecutor.java:112)
	at org.gradle.api.internal.tasks.testing.junit.JUnitTestClassExecutor.execute(JUnitTestClassExecutor.java:58)
	at org.gradle.api.internal.tasks.testing.junit.JUnitTestClassExecutor.execute(JUnitTestClassExecutor.java:40)
	at org.gradle.api.internal.tasks.testing.junit.AbstractJUnitTestClassProcessor.processTestClass(AbstractJUnitTestClassProcessor.java:60)
	at org.gradle.api.internal.tasks.testing.SuiteTestClassProcessor.processTestClass(SuiteTestClassProcessor.java:52)
	at java.base@9.0.4/jdk.internal.reflect.NativeMethodAccessorImpl.invoke0(Native Method)
	at java.base@9.0.4/jdk.internal.reflect.NativeMethodAccessorImpl.invoke(NativeMethodAccessorImpl.java:62)
	at java.base@9.0.4/jdk.internal.reflect.DelegatingMethodAccessorImpl.invoke(DelegatingMethodAccessorImpl.java:43)
	at java.base@9.0.4/java.lang.reflect.Method.invoke(Method.java:564)
	at org.gradle.internal.dispatch.ReflectionDispatch.dispatch(ReflectionDispatch.java:36)
	at org.gradle.internal.dispatch.ReflectionDispatch.dispatch(ReflectionDispatch.java:24)
	at org.gradle.internal.dispatch.ContextClassLoaderDispatch.dispatch(ContextClassLoaderDispatch.java:33)
	at org.gradle.internal.dispatch.ProxyDispatchAdapter$DispatchingInvocationHandler.invoke(ProxyDispatchAdapter.java:94)
	at com.sun.proxy.$Proxy2.processTestClass(Unknown Source)
	at org.gradle.api.internal.tasks.testing.worker.TestWorker$2.run(TestWorker.java:176)
	at org.gradle.api.internal.tasks.testing.worker.TestWorker.executeAndMaintainThreadName(TestWorker.java:129)
	at org.gradle.api.internal.tasks.testing.worker.TestWorker.execute(TestWorker.java:100)
	at org.gradle.api.internal.tasks.testing.worker.TestWorker.execute(TestWorker.java:60)
	at org.gradle.process.internal.worker.child.ActionExecutionWorker.execute(ActionExecutionWorker.java:56)
	at org.gradle.process.internal.worker.child.SystemApplicationClassLoaderWorker.call(SystemApplicationClassLoaderWorker.java:113)
	at org.gradle.process.internal.worker.child.SystemApplicationClassLoaderWorker.call(SystemApplicationClassLoaderWorker.java:65)
	at app//worker.org.gradle.process.internal.worker.GradleWorkerMain.run(GradleWorkerMain.java:69)
	at app//worker.org.gradle.process.internal.worker.GradleWorkerMain.main(GradleWorkerMain.java:74)
</failure>
  </testcase>
  <system-out><![CDATA[5146
4060
]]></system-out>
  <system-err><![CDATA[dic. 12, 2023 2:25:35 P.M. org.openqa.selenium.remote.DesiredCapabilities chrome
INFORMACIÓN: Using `new ChromeOptions()` is preferred to `DesiredCapabilities.chrome()`
[Test worker] INFO net.serenitybdd.core.webdriver.driverproviders.ProvideNewDriver - Instantiating driver
[Test worker] INFO net.serenitybdd.core.webdriver.driverproviders.ProvideNewDriver - Driver capabilities: Capabilities {acceptInsecureCerts: false, acceptSslCerts: true, browserName: chrome, chrome.switches: --start-maximized;--disable..., goog:chromeOptions: {args: [--start-maximized, --disable-extensions, --disable-infobars, --no-sandbox, --disable-popup-blocking, --disable-default-apps, --allow-popups-during-page-..., --disable-extensions-file-a...], extensions: [], prefs: {safebrowsing.enabled: false}}, loggingPrefs: org.openqa.selenium.logging..., platform: ANY, unhandledPromptBehavior: ignore, version: }
Starting ChromeDriver 120.0.6099.71 (9729082fe6174c0a371fc66501f5efc5d69d3d2b-refs/branch-heads/6099_56@{#13}) on port 27128
Only local connections are allowed.
Please see https://chromedriver.chromium.org/security-considerations for suggestions on keeping ChromeDriver safe.
ChromeDriver was started successfully.
dic. 12, 2023 2:25:37 P.M. org.openqa.selenium.remote.ProtocolHandshake createSession
INFORMACIÓN: Detected dialect: W3C
[Test worker] ERROR net.thucydides.core.steps.ConsoleLoggingListener - 
           __  _____ _____ ____ _____   _____ _    ___ _     _____ ____  
  _       / / |_   _| ____/ ___|_   _| |  ___/ \  |_ _| |   | ____|  _ \ 
 (_)_____| |    | | |  _| \___ \ | |   | |_ / _ \  | || |   |  _| | | | |
  _|_____| |    | | | |___ ___) || |   |  _/ ___ \ | || |___| |___| |_| |
 (_)     | |    |_| |_____|____/ |_|   |_|/_/   \_\___|_____|_____|____/ 
          \_\                                                            

TEST FAILED: Make gold Record
--------------------------------------------------------------------------
[Test worker] ERROR net.thucydides.core.steps.ConsoleLoggingListener - TEST FAILED AT STEP Yeferson clicks on Boton crear cuenta
[Test worker] ERROR net.thucydides.core.steps.ConsoleLoggingListener - Expected enabled element was not enabled
]]></system-err>
</testsuite>
