<?xml version="1.0" encoding="UTF-8"?><testsuite errors="0" failures="1" name="The user registers bronze, silver and gold on the magnet page }" skipped="0" tests="1" time="49.77" timestamp="2023-12-12 11:23:26"><testcase name="Make gold Record"><failure message="Expected enabled element was not enabled" type="net.thucydides.core.webdriver.exceptions.ElementShouldBeEnabledException">Expected enabled element was not enabled</failure><system-err>Expected enabled element was not enabled&#13;
com.magnetocandidato.tasks.RegisterUserGold.performAs(RegisterUserGold.java:65)&#13;
com.magnetocandidato.stepdefinitions.RegisterUserSteDefinition.theUserRegistersGold(RegisterUserSteDefinition.java:45)&#13;
cucumber.runner.Runner.runPickle(Runner.java:80)&#13;
worker.org.gradle.process.internal.worker.GradleWorkerMain.run(GradleWorkerMain.java:69)&#13;
worker.org.gradle.process.internal.worker.GradleWorkerMain.main(GradleWorkerMain.java:74)&#13;
</system-err></testcase></testsuite>